Started by user [8mha:////4GzLxdk83Kkvh3z4behJeYuI/xLGr3LfPFHotJxix35eAAAAlx+LCAAAAAAAAP9b85aBtbiIQTGjNKU4P08vOT+vOD8nVc83PyU1x6OyILUoJzMv2y+/JJUBAhiZGBgqihhk0NSjKDWzXb3RdlLBUSYGJk8GtpzUvPSSDB8G5tKinBIGIZ+sxLJE/ZzEvHT94JKizLx0a6BxUmjGOUNodHsLgAzWEgZu/dLi1CL9xJTczDwAj6GcLcAAAAA=[0madmin
[8mha:////4N35FTaiESVB4DOJVe/W7aiIDrrX8kVXp8zG05GdXh6DAAAAoh+LCAAAAAAAAP9tjTEOwjAQBM8BClpKHuFItIiK1krDC0x8GCfWnbEdkooX8TX+gCESFVvtrLSa5wtWKcKBo5UdUu8otU4GP9jS5Mixv3geZcdn2TIl9igbHBs2eJyx4YwwR1SwULBGaj0nRzbDRnX6rmuvydanHMu2V1A5c4MHCFXMWcf8hSnC9jqYxPTz/BXAFEIGsfuclm8zQVqFvQAAAA==[0m[Pipeline] Start of Pipeline
[8mha:////4BzQ+4a6zdQVc6twRzEbUFWnpUgYjSb1RdoGc7Cd6LWAAAAApR+LCAAAAAAAAP9tjTEOwjAUQ3+KOrAycohUghExsUZZOEFIQkgb/d8mKe3EibgadyBQiQlLlmxL1nu+oE4RjhQdby12HpP2vA+jK4lPFLtroIm3dOGaMFGwXNpJkrGnpUrKFhaxClYC1hZ1oOTRZdiIVt1VExS65pxj2Q4CKm8GeAAThZxVzN8yR9jeRpMIf5y/AJj7DGxXvP/86jduZBmjwAAAAA==[0m[Pipeline] node
Running on [8mha:////4Dib3fzW0MswkEIXMd8/czE06HMFMtG0lyaXbvbhnUDDAAAAoR+LCAAAAAAAAP9b85aBtbiIQTGjNKU4P08vOT+vOD8nVc83PyU1x6OyILUoJzMv2y+/JJUBAhiZGBgqihhk0NSjKDWzXb3RdlLBUSYGJk8GtpzUvPSSDB8G5tKinBIGIZ+sxLJE/ZzEvHT94JKizLx0a6BxUmjGOUNodHsLgAz2EgZR/eT83ILSktQifY2k0sycEt3MPE19AHHxbH3KAAAA[0mJenkins in /var/jenkins_home/workspace/pipeline-docker-maven
[8mha:////4Mlr5cK42bXVP+4/0jVdNxr/oMPHi/zrNJ8ThIGLZDs1AAAApR+LCAAAAAAAAP9tjTEOwjAUQ3+KOrAycoh0gA0xsUZZOEFIQkgb/d8mKe3EibgadyBQiQlLlmxL1nu+oE4RjhQdby12HpP2vA+jK4lPFLtroIm3dOGaMFGwXNpJkrGnpUrKFhaxClYC1hZ1oOTRZdiIVt1VExS65pxj2Q4CKm8GeAAThZxVzN8yR9jeRpMIf5y/AJj7DGxXvP/86jfoP95RwAAAAA==[0m[Pipeline] {
[8mha:////4BAnhAK7gTW4BD+/ab6bkT8T+Anh/EHPQjcpURk84IUBAAAApR+LCAAAAAAAAP9tjTEOwjAUQ3+KOrAycoh0gQkxsUZZOEFIQkgb/d8mKe3EibgadyBQiQlLlmxL1nu+oE4RjhQdby12HpP2vA+jK4lPFLtroIm3dOGaMFGwXNpJkrGnpUrKFhaxClYC1hZ1oOTRZdiIVt1VExS65pxj2Q4CKm8GeAAThZxVzN8yR9jeRpMIf5y/AJj7DGxXvP/86jc09154wAAAAA==[0m[Pipeline] withCredentials
Masking supported pattern matches of $PASS
[8mha:////4G7laaj0pL4BA21pe505Cr3V+ojGXxtWgx29p9uwq8BDAAAApR+LCAAAAAAAAP9tjTEOwjAUQ3+KOrAycoh0ggUxsUZZOEFIQkgb/d8mKe3EibgadyBQiQlLlmxL1nu+oE4RjhQdby12HpP2vA+jK4lPFLtroIm3dOGaMFGwXNpJkrGnpUrKFhaxClYC1hZ1oOTRZdiIVt1VExS65pxj2Q4CKm8GeAAThZxVzN8yR9jeRpMIf5y/AJj7DGxXvP/86jek7ggRwAAAAA==[0m[Pipeline] {
[8mha:////4GOmZYgr1/79Hh4FMhfOKgaNUdWqT3Wy/FBs8+wKDhc4AAAApR+LCAAAAAAAAP9tjTEOwjAUQ3+KOrAycoh0gwExsUZZOEFIQkgb/d8mKe3EibgadyBQiQlLlmxL1nu+oE4RjhQdby12HpP2vA+jK4lPFLtroIm3dOGaMFGwXNpJkrGnpUrKFhaxClYC1hZ1oOTRZdiIVt1VExS65pxj2Q4CKm8GeAAThZxVzN8yR9jeRpMIf5y/AJj7DGxXvP/86jcChmMxwAAAAA==[0m[Pipeline] stage
[8mha:////4LTF2jJjqmSKPLDRjw+LNJtidX8b5njt0ct8pWSv3B+AAAAApR+LCAAAAAAAAP9tjTEOwjAUQ3+KOrAycoh0BAkxsUZZOEFIQkgb/d8mKe3EibgadyBQiQlLlmxL1nu+oE4RjhQdby12HpP2vA+jK4lPFLtroIm3dOGaMFGwXNpJkrGnpUrKFhaxClYC1hZ1oOTRZdiIVt1VExS65pxj2Q4CKm8GeAAThZxVzN8yR9jeRpMIf5y/AJj7DGxXvP/86jfpX/cvwAAAAA==[0m[Pipeline] { (Build)
[8mha:////4FXp4wRvaqGKbqCFj8OLOG/PiPmEKIdzTcWT3poidZowAAAAoh+LCAAAAAAAAP9tjTEOAiEURD9rLGwtPQTbaoyVLaHxBMgiwpL/WWDdrTyRV/MOEjexcpJJ5k3zXm9Y5wQnSpZ7g73DrB2PYbR18YlSfws0cU9XrgkzBcOlmSR15rygpGJgCWtgJWBjUAfKDm2BrfDqodqg0LaXkup3FNC4boAnMFHNRaXyhTnB7j52mfDn+SuAORZg+9pD/AAeoCAqvAAAAA==[0m[Pipeline] sh
+ ./jenkins/build/mvn.sh mvn -B -DskipTests clean package
***************************
***** Building jar ********
***************************
[INFO] Scanning for projects...
[INFO] 
[INFO] ----------------------< com.mycompany.app:my-app >----------------------
[INFO] Building my-app 1.0-SNAPSHOT
[INFO]   from pom.xml
[INFO] --------------------------------[ jar ]---------------------------------
[INFO] 
[INFO] --- clean:3.2.0:clean (default-clean) @ my-app ---
[INFO] Deleting /app/target
[INFO] 
[INFO] --- enforcer:3.6.1:enforce (enforce-maven) @ my-app ---
[INFO] Rule 0: org.apache.maven.enforcer.rules.version.RequireMavenVersion passed
[INFO] Rule 1: org.apache.maven.enforcer.rules.version.RequireJavaVersion passed
[INFO] 
[INFO] --- resources:3.3.1:resources (default-resources) @ my-app ---
[INFO] skip non existing resourceDirectory /app/src/main/resources
[INFO] 
[INFO] --- compiler:3.14.0:compile (default-compile) @ my-app ---
[INFO] Recompiling the module because of changed source code.
[INFO] Compiling 1 source file with javac [debug release 17] to target/classes
[INFO] 
[INFO] --- resources:3.3.1:testResources (default-testResources) @ my-app ---
[INFO] skip non existing resourceDirectory /app/src/test/resources
[INFO] 
[INFO] --- compiler:3.14.0:testCompile (default-testCompile) @ my-app ---
[INFO] Recompiling the module because of changed dependency.
[INFO] Compiling 1 source file with javac [debug release 17] to target/test-classes
[INFO] 
[INFO] --- surefire:3.2.5:test (default-test) @ my-app ---
[INFO] Tests are skipped.
[INFO] 
[INFO] --- jar:3.4.2:jar (default-jar) @ my-app ---
[INFO] Building jar: /app/target/my-app-1.0-SNAPSHOT.jar
[INFO] ------------------------------------------------------------------------
[INFO] BUILD SUCCESS
[INFO] ------------------------------------------------------------------------
[INFO] Total time:  28.899 s
[INFO] Finished at: 2025-09-04T12:04:36Z
[INFO] ------------------------------------------------------------------------
+ ./jenkins/build/build.sh
***************************
** Building Docker Image **
***************************
#1 [internal] load local bake definitions
#1 reading from stdin 629B done
#1 DONE 0.0s

#2 [internal] load build definition from Dockerfile-java
#2 transferring dockerfile: 200B 0.0s done
#2 DONE 0.1s

#3 [internal] load metadata for docker.io/library/amazoncorretto:21-alpine-jdk
#3 DONE 9.3s

#4 [internal] load .dockerignore
#4 transferring context: 120B done
#4 DONE 0.1s

#5 [1/3] FROM docker.io/library/amazoncorretto:21-alpine-jdk@sha256:fda60fd7965970ce7ed7ce789b18418647b56ac6112fc17df006337bdc6355c4
#5 CACHED

#6 [internal] load build context
#6 transferring context: 2.84kB 0.0s done
#6 DONE 0.1s

#7 [2/3] RUN mkdir /app
#7 DONE 1.0s

#8 [3/3] COPY *.jar /app/app.jar
#8 DONE 0.3s

#9 exporting to image
#9 exporting layers
#9 exporting layers 0.2s done
#9 writing image sha256:8af96058d3b3eb8b18d3dea1979ad3721bde770351b55a3b7653114dd9072f70 0.0s done
#9 naming to docker.io/library/maven-project:jenkins-pipeline-docker-maven-12 0.0s done
#9 DONE 0.3s

#10 resolving provenance for metadata file
#10 DONE 0.0s
 maven-project:jenkins-pipeline-docker-maven-12  Built
Post stage
[8mha:////4Cl6csZW3jjhMAebi3jGVwfXuMZduJfDzw3+U8OGEEacAAAAox+LCAAAAAAAAP9tjTEOwjAQBDdBFLSUPMKBDglR0VppeIFJjHFi3QX7QlLxIr7GH4iIRMVWO9PM641lijhydKqx1HpKlVdd6N301MCxvQYeVMMXVTElDlaVdii5tqcZSxaLeVmOhcbKUhU4eXKCtW7MwxTBkCvOEid30Mh9fccTmZ7KYqJ8YYzY3Po6Mf06fwMYO0G2F+S7bfcBITL9lL0AAAA=[0m[Pipeline] archiveArtifacts
Archiving artifacts
Recording fingerprints
[8mha:////4Frz4n15sHKWp2Mh/b3Js5QCy80pX0MMMRIeBjNN/uEcAAAAox+LCAAAAAAAAP9tjbEOgjAURS8YB1dHP6KEzcQ4uTYsfkGFWgvNe9g+hMkv8tf8B4kkTt7pnrOc1xvrFHHk6FRrqfOUaq/6MLj5qZFjdw08qpYvqmZKHKyq7FhxY08LViwWy7IcK42NpTpw8uQEW92ahymCIVecJc7uoJH75o4nMj2XxUT5whSxuw1NYvp1/gYw9b0gL0tBtv8AHk6T5r0AAAA=[0m[Pipeline] }
[8mha:////4JniqDq58bcDW8dbxBiRMfsLuJvgPhAUz4O6OwYbLtjwAAAAox+LCAAAAAAAAP9tjTEOwjAQBDdBFLSUPMIRNBSIitZKwwtMYowT6y7YF5KKF/E1/kBEJCq22plmXm8sU8SRo1ONpdZTqrzqQu+mpwaO7TXwoBq+qIopcbCqtEPJtT3NWLJYzMtyLDRWlqrAyZMTrHVjHqYIhlxxlji5g0bu6zueyPRUFhPlC2PE5tbXienX+RvA2HWCfLsTZPsPXymMMb0AAAA=[0m[Pipeline] // stage
[8mha:////4PwKnbUDS0jE/WguBdWCtYzMRnkWpFaaL/z7nHYlJLEXAAAApx+LCAAAAAAAAP9tjTEOwjAQBM9BKWgpeYQjhESDqGgtN7zAxMY4se6CfSGpeBFf4w8EIlGx1c5Kq3m+oMwJDpS8bBy2AXMdZBd7PzU5UGovkQbZ0FnWhJmik9oNmqw7zqiJHcwRBSwULB3WkXJAz7BSjbmbKhr01YnTtO0VFMHe4AFCTWY2ib8wJlhfe5sJf56/Ahg7BrFjKDbbz7F8A9kv0o/BAAAA[0m[Pipeline] stage
[8mha:////4MehIgG5tzLF9jDhAdcrx/VXnSZoG2Oo7GsDh1XMwBp7AAAApx+LCAAAAAAAAP9tjTEOwjAUQ3+LOrAycohUCDbE1DXKwglCE0La6P/yk9JOnIircQdaKjHhwbItWe/1hiIynIidaCy2HmPtRRd6NyUxELfXQINo6CJqwkjBCmUHRcZWS1WULCzKclhJWFusA0WPLsFGNvqhy6DRlefE03aUkHtzhydkciInzelbRobtrTeR8Mf5C4CxS5Dv9rMd5mfxAbNWnxXCAAAA[0m[Pipeline] { (Test)
[8mha:////4GiJWhEyjkUtOVIHwxpPpFB4WNO/BzlXc1KEombid3bVAAAApB+LCAAAAAAAAP9tjTEOwjAQBC9BFLSUPOIiJKgQVVrLDS8wsTFOrDtjOyQVL+Jr/IFAJCq2WO1sM88XLFOEI0eLraHOUWocBt/baeHAsbt4HrDlMzZMib1BaQbJ2tQzSs4G5hQlLASsDDWekyObYS1adVeVV2SrU47TdxBQOn2DBxRiMmcV8xfGCJtrrxPTz/NXAGPIUG53n9qHN8W7Eii+AAAA[0m[Pipeline] sh
+ ./jenkins/test/mvn.sh mvn test
***************************
***** Testing the code ********
***************************
[INFO] Scanning for projects...
[INFO] ------------------------------------------------------------------------
[INFO] BUILD FAILURE
[INFO] ------------------------------------------------------------------------
[INFO] Total time:  0.243 s
[INFO] Finished at: 2025-09-04T12:05:04Z
[INFO] ------------------------------------------------------------------------
[ERROR] The goal you specified requires a project to execute but there is no POM in this directory (/app). Please verify you invoked Maven from the correct directory. -> [Help 1]
[ERROR] 
[ERROR] To see the full stack trace of the errors, re-run Maven with the -e switch.
[ERROR] Re-run Maven using the -X switch to enable full debug logging.
[ERROR] 
[ERROR] For more information about the errors and possible solutions, please read the following articles:
[ERROR] [Help 1] http://cwiki.apache.org/confluence/display/MAVEN/MissingProjectException
Post stage
[8mha:////4MxQX1xbImdFiizEUD5pbeH3KkPoF2ubXqp3yogZ8E2YAAAApR+LCAAAAAAAAP9tjTEOwjAQBC9BFLSUPOIiJESDqNJabniBiY1xYt0Z2yGpeBFf4w8EIlGxxWpnm3m+YJkiHDlabA11jlLjMPjeTgsHjt3F84Atn7FhSuwNSjNI1qaeUXI2MKcoYSFgZajxnBzZDGvRqruqvCJbnXKcvoOA0ukbPKAQkzmrmL8wRthce52Yfp6/AhhDhnK7+9Q+vAEG6D8DvgAAAA==[0m[Pipeline] junit
Recording test results
No test report files were found. Configuration error?
Error when executing always post condition:
Also:   org.jenkinsci.plugins.workflow.actions.ErrorAction$ErrorId: ff64d8ed-d3e9-40ad-9e8c-7db130daac35
hudson.AbortException: No test report files were found. Configuration error?
	at PluginClassLoader for junit//hudson.tasks.junit.JUnitParser$ParseResultCallable.invoke(JUnitParser.java:253)
	at hudson.FilePath.act(FilePath.java:1210)
	at hudson.FilePath.act(FilePath.java:1193)
	at PluginClassLoader for junit//hudson.tasks.junit.JUnitParser.parseResult(JUnitParser.java:146)
	at PluginClassLoader for junit//hudson.tasks.junit.JUnitResultArchiver.parse(JUnitResultArchiver.java:177)
	at PluginClassLoader for junit//hudson.tasks.junit.JUnitResultArchiver.parseAndSummarize(JUnitResultArchiver.java:282)
	at PluginClassLoader for junit//hudson.tasks.junit.pipeline.JUnitResultsStepExecution.run(JUnitResultsStepExecution.java:62)
	at PluginClassLoader for junit//hudson.tasks.junit.pipeline.JUnitResultsStepExecution.run(JUnitResultsStepExecution.java:27)
	at PluginClassLoader for workflow-step-api//org.jenkinsci.plugins.workflow.steps.SynchronousNonBlockingStepExecution.lambda$start$0(SynchronousNonBlockingStepExecution.java:49)
	at java.base/java.util.concurrent.Executors$RunnableAdapter.call(Unknown Source)
	at java.base/java.util.concurrent.FutureTask.run(Unknown Source)
	at java.base/java.util.concurrent.ThreadPoolExecutor.runWorker(Unknown Source)
	at java.base/java.util.concurrent.ThreadPoolExecutor$Worker.run(Unknown Source)
	at java.base/java.lang.Thread.run(Unknown Source)

[8mha:////4GIs1Z+oPpLsK8ZOa+20ZOahqRK+xyFtFu4ITPSxvD4aAAAApR+LCAAAAAAAAP9tjTEOwjAQBC9BFLSUPOIiJCQKRJXWcsMLTGyME+vO2A5JxYv4Gn8gEImKLVY728zzBcsU4cjRYmuoc5Qah8H3dlo4cOwungds+YwNU2JvUJpBsjb1jJKzgTlFCQsBK0ON5+TIZliLVt1V5RXZ6pTj9B0ElE7f4AGFmMxZxfyFMcLm2uvE9PP8FcAYQoZyu//U7g0YU4IMvgAAAA==[0m[Pipeline] }
[8mha:////4FQY19xUen332eSALb7/e17U9F6nmXOy9tlKzuMVcqQBAAAApR+LCAAAAAAAAP9tjTEOwjAQBC9BFLSUPOIiRIOEqNJabniBiY1xYt0Z2yGpeBFf4w8EIlGxxWpnm3m+YJkiHDlabA11jlLjMPjeTgsHjt3F84Atn7FhSuwNSjNI1qaeUXI2MKcoYSFgZajxnBzZDGvRqruqvCJbnXKcvoOA0ukbPKAQkzmrmL8wRthce52Yfp6/AhhDyFBu95/avQFudLBjvgAAAA==[0m[Pipeline] // stage
[8mha:////4CnsgSJ0MazW2BeEpyYG7MzcKcOp3n684VBt/xb4/PlLAAAApB+LCAAAAAAAAP9tjTEOwjAQBDdBFLSUPMIRDRJCVLRWGl5gEmOcWHfBvpBUvIiv8QciIlGx1c4083pjmSKOHJ1qLLWeUuVVF3o3PTVwbK+BB9XwRVVMiYNVpR1Kru1pxpLFYl6WY6GxslQFTp6cYK0b8zBFMOSKs8TJHTRyX9/xRKanspgoXxgjNre+Tky/zt8Axq4T5Nu9INt9ANgoWzG9AAAA[0m[Pipeline] }
[8mha:////4Ns/V0WXzptqab019ocyORaP2wtS4z6nkyhZaW0rLyFpAAAAox+LCAAAAAAAAP9tjTEOwjAQBDdBFLSUPMJBSFSIitZKwwtMYowT6y7YF5KKF/E1/kBEJCq22plmXm8sU8SRo1ONpdZTqrzqQu+mpwaO7TXwoBq+qIopcbCqtEPJtT3NWLJYzMtyLDRWlqrAyZMTrHVjHqYIhlxxlji5g0bu6zueyPRUFhPlC2PE5tbXienX+RvA2HWCfLcVZPsPvWnWI70AAAA=[0m[Pipeline] // withCredentials
[8mha:////4HlEEycYLvANPw5qvruHdhko66lP2GuvkLMZdJWvRopcAAAAox+LCAAAAAAAAP9tjTEOwjAQBDdBFLSUPMIRiA5R0VppeIFJjHFi3QX7QlLxIr7GH4iIRMVWO9PM641lijhydKqx1HpKlVdd6N301MCxvQYeVMMXVTElDlaVdii5tqcZSxaLeVmOhcbKUhU4eXKCtW7MwxTBkCvOEid30Mh9fccTmZ7KYqJ8YYzY3Po6Mf06fwMYu06Q77aCbP8Bm3Cxab0AAAA=[0m[Pipeline] }
[8mha:////4Few5YLxSCYt0BMxqsOSbMV2+eoQT2VRD0bDxFgdhbBGAAAAoh+LCAAAAAAAAP9tjbEOgjAURS8YB1dHP6IkOBon14bFL6hQa6F5D9uHMPlF/pr/IJHEyTvdc5bzemOdIo4cnWotdZ5S7VUfBjc/NXLsroFH1fJF1UyJg1WVHStu7GnBisViWZZjpbGxVAdOnpxgq1vzMEUw5IqzxNkdNHLf3PFEpueymChfmCJ2t6FJTL/O3wCmvhfkZSnI9h/on3WwvQAAAA==[0m[Pipeline] // node
[8mha:////4G0D42WvXiwg2I64+vh/P0P0/l/kyMRdj3RsSy/xUeY5AAAAoh+LCAAAAAAAAP9tjbEOgjAURS8YB1dHP6IkOBon14bFL6hQa6F5D9uHMPlF/pr/IJHEyTvdc5bzemOdIo4cnWotdZ5S7VUfBjc/NXLsroFH1fJF1UyJg1WVHStu7GnBisViWZZjpbGxVAdOnpxgq1vzMEUw5IqzxNkdNHLf3PFEpueymChfmCJ2t6FJTL/O3wCmvhfk5V6QlR/OhhL6vQAAAA==[0m[Pipeline] End of Pipeline
ERROR: script returned exit code 1
Finished: FAILURE
